ERROR - 2026-05-20 21:24:54 --> Error connecting to the database: mysqli_sql_exception: Access denied for user ''@'localhost' (using password: NO) in H:\Documents\materi-pembelajaran\SisFoPPU\system\Database\MySQLi\Connection.php:201
Stack trace:
#0 H:\Documents\materi-pembelajaran\SisFoPPU\system\Database\MySQLi\Connection.php(201): mysqli->real_connect('localhost', '', Object(SensitiveParameterValue), '', 3306, '', 0)
#1 H:\Documents\materi-pembelajaran\SisFoPPU\system\Database\BaseConnection.php(555): CodeIgniter\Database\MySQLi\Connection->connect(false)
#2 H:\Documents\materi-pembelajaran\SisFoPPU\system\Database\BaseConnection.php(795): CodeIgniter\Database\BaseConnection->initialize()
#3 H:\Documents\materi-pembelajaran\SisFoPPU\system\Database\BaseConnection.php(1706): CodeIgniter\Database\BaseConnection->query('SHOW TABLES FRO...')
#4 H:\Documents\materi-pembelajaran\SisFoPPU\system\Database\BaseConnection.php(1726): CodeIgniter\Database\BaseConnection->listTables()
#5 H:\Documents\materi-pembelajaran\SisFoPPU\system\Database\MigrationRunner.php(821): CodeIgniter\Database\BaseConnection->tableExists('migrations')
#6 H:\Documents\materi-pembelajaran\SisFoPPU\system\Database\MigrationRunner.php(173): CodeIgniter\Database\MigrationRunner->ensureTable()
#7 H:\Documents\materi-pembelajaran\SisFoPPU\system\Commands\Database\Migrate.php(89): CodeIgniter\Database\MigrationRunner->latest(NULL)
#8 H:\Documents\materi-pembelajaran\SisFoPPU\system\CLI\SignalTrait.php(245): CodeIgniter\Commands\Database\Migrate::CodeIgniter\Commands\Database\{closure}()
#9 H:\Documents\materi-pembelajaran\SisFoPPU\system\Commands\Database\Migrate.php(88): CodeIgniter\Commands\Database\Migrate->withSignalsBlocked(Object(Closure))
#10 H:\Documents\materi-pembelajaran\SisFoPPU\system\CLI\Commands.php(74): CodeIgniter\Commands\Database\Migrate->run(Array)
#11 H:\Documents\materi-pembelajaran\SisFoPPU\system\CLI\Console.php(47): CodeIgniter\CLI\Commands->run('migrate', Array)
#12 H:\Documents\materi-pembelajaran\SisFoPPU\system\Boot.php(442): CodeIgniter\CLI\Console->run()
#13 H:\Documents\materi-pembelajaran\SisFoPPU\system\Boot.php(166): CodeIgniter\Boot::runCommand(Object(CodeIgniter\CLI\Console))
#14 H:\Documents\materi-pembelajaran\SisFoPPU\spark(87): CodeIgniter\Boot::bootSpark(Object(Config\Paths))
#15 {main}

Next CodeIgniter\Database\Exceptions\DatabaseException: Access denied for user ''@'localhost' (using password: NO) in H:\Documents\materi-pembelajaran\SisFoPPU\system\Database\MySQLi\Connection.php:231
Stack trace:
#0 H:\Documents\materi-pembelajaran\SisFoPPU\system\Database\BaseConnection.php(555): CodeIgniter\Database\MySQLi\Connection->connect(false)
#1 H:\Documents\materi-pembelajaran\SisFoPPU\system\Database\BaseConnection.php(795): CodeIgniter\Database\BaseConnection->initialize()
#2 H:\Documents\materi-pembelajaran\SisFoPPU\system\Database\BaseConnection.php(1706): CodeIgniter\Database\BaseConnection->query('SHOW TABLES FRO...')
#3 H:\Documents\materi-pembelajaran\SisFoPPU\system\Database\BaseConnection.php(1726): CodeIgniter\Database\BaseConnection->listTables()
#4 H:\Documents\materi-pembelajaran\SisFoPPU\system\Database\MigrationRunner.php(821): CodeIgniter\Database\BaseConnection->tableExists('migrations')
#5 H:\Documents\materi-pembelajaran\SisFoPPU\system\Database\MigrationRunner.php(173): CodeIgniter\Database\MigrationRunner->ensureTable()
#6 H:\Documents\materi-pembelajaran\SisFoPPU\system\Commands\Database\Migrate.php(89): CodeIgniter\Database\MigrationRunner->latest(NULL)
#7 H:\Documents\materi-pembelajaran\SisFoPPU\system\CLI\SignalTrait.php(245): CodeIgniter\Commands\Database\Migrate::CodeIgniter\Commands\Database\{closure}()
#8 H:\Documents\materi-pembelajaran\SisFoPPU\system\Commands\Database\Migrate.php(88): CodeIgniter\Commands\Database\Migrate->withSignalsBlocked(Object(Closure))
#9 H:\Documents\materi-pembelajaran\SisFoPPU\system\CLI\Commands.php(74): CodeIgniter\Commands\Database\Migrate->run(Array)
#10 H:\Documents\materi-pembelajaran\SisFoPPU\system\CLI\Console.php(47): CodeIgniter\CLI\Commands->run('migrate', Array)
#11 H:\Documents\materi-pembelajaran\SisFoPPU\system\Boot.php(442): CodeIgniter\CLI\Console->run()
#12 H:\Documents\materi-pembelajaran\SisFoPPU\system\Boot.php(166): CodeIgniter\Boot::runCommand(Object(CodeIgniter\CLI\Console))
#13 H:\Documents\materi-pembelajaran\SisFoPPU\spark(87): CodeIgniter\Boot::bootSpark(Object(Config\Paths))
#14 {main}
ERROR - 2026-05-20 21:25:29 --> Error connecting to the database: mysqli_sql_exception: Access denied for user ''@'localhost' (using password: NO) in H:\Documents\materi-pembelajaran\SisFoPPU\system\Database\MySQLi\Connection.php:201
Stack trace:
#0 H:\Documents\materi-pembelajaran\SisFoPPU\system\Database\MySQLi\Connection.php(201): mysqli->real_connect('localhost', '', Object(SensitiveParameterValue), '', 3306, '', 0)
#1 H:\Documents\materi-pembelajaran\SisFoPPU\system\Database\BaseConnection.php(555): CodeIgniter\Database\MySQLi\Connection->connect(false)
#2 H:\Documents\materi-pembelajaran\SisFoPPU\system\Database\BaseConnection.php(795): CodeIgniter\Database\BaseConnection->initialize()
#3 H:\Documents\materi-pembelajaran\SisFoPPU\system\Database\BaseConnection.php(1706): CodeIgniter\Database\BaseConnection->query('SHOW TABLES FRO...')
#4 H:\Documents\materi-pembelajaran\SisFoPPU\system\Database\BaseConnection.php(1726): CodeIgniter\Database\BaseConnection->listTables()
#5 H:\Documents\materi-pembelajaran\SisFoPPU\system\Database\MigrationRunner.php(821): CodeIgniter\Database\BaseConnection->tableExists('migrations')
#6 H:\Documents\materi-pembelajaran\SisFoPPU\system\Database\MigrationRunner.php(173): CodeIgniter\Database\MigrationRunner->ensureTable()
#7 H:\Documents\materi-pembelajaran\SisFoPPU\system\Commands\Database\Migrate.php(89): CodeIgniter\Database\MigrationRunner->latest(NULL)
#8 H:\Documents\materi-pembelajaran\SisFoPPU\system\CLI\SignalTrait.php(245): CodeIgniter\Commands\Database\Migrate::CodeIgniter\Commands\Database\{closure}()
#9 H:\Documents\materi-pembelajaran\SisFoPPU\system\Commands\Database\Migrate.php(88): CodeIgniter\Commands\Database\Migrate->withSignalsBlocked(Object(Closure))
#10 H:\Documents\materi-pembelajaran\SisFoPPU\system\CLI\Commands.php(74): CodeIgniter\Commands\Database\Migrate->run(Array)
#11 H:\Documents\materi-pembelajaran\SisFoPPU\system\CLI\Console.php(47): CodeIgniter\CLI\Commands->run('migrate', Array)
#12 H:\Documents\materi-pembelajaran\SisFoPPU\system\Boot.php(442): CodeIgniter\CLI\Console->run()
#13 H:\Documents\materi-pembelajaran\SisFoPPU\system\Boot.php(166): CodeIgniter\Boot::runCommand(Object(CodeIgniter\CLI\Console))
#14 H:\Documents\materi-pembelajaran\SisFoPPU\spark(87): CodeIgniter\Boot::bootSpark(Object(Config\Paths))
#15 {main}

Next CodeIgniter\Database\Exceptions\DatabaseException: Access denied for user ''@'localhost' (using password: NO) in H:\Documents\materi-pembelajaran\SisFoPPU\system\Database\MySQLi\Connection.php:231
Stack trace:
#0 H:\Documents\materi-pembelajaran\SisFoPPU\system\Database\BaseConnection.php(555): CodeIgniter\Database\MySQLi\Connection->connect(false)
#1 H:\Documents\materi-pembelajaran\SisFoPPU\system\Database\BaseConnection.php(795): CodeIgniter\Database\BaseConnection->initialize()
#2 H:\Documents\materi-pembelajaran\SisFoPPU\system\Database\BaseConnection.php(1706): CodeIgniter\Database\BaseConnection->query('SHOW TABLES FRO...')
#3 H:\Documents\materi-pembelajaran\SisFoPPU\system\Database\BaseConnection.php(1726): CodeIgniter\Database\BaseConnection->listTables()
#4 H:\Documents\materi-pembelajaran\SisFoPPU\system\Database\MigrationRunner.php(821): CodeIgniter\Database\BaseConnection->tableExists('migrations')
#5 H:\Documents\materi-pembelajaran\SisFoPPU\system\Database\MigrationRunner.php(173): CodeIgniter\Database\MigrationRunner->ensureTable()
#6 H:\Documents\materi-pembelajaran\SisFoPPU\system\Commands\Database\Migrate.php(89): CodeIgniter\Database\MigrationRunner->latest(NULL)
#7 H:\Documents\materi-pembelajaran\SisFoPPU\system\CLI\SignalTrait.php(245): CodeIgniter\Commands\Database\Migrate::CodeIgniter\Commands\Database\{closure}()
#8 H:\Documents\materi-pembelajaran\SisFoPPU\system\Commands\Database\Migrate.php(88): CodeIgniter\Commands\Database\Migrate->withSignalsBlocked(Object(Closure))
#9 H:\Documents\materi-pembelajaran\SisFoPPU\system\CLI\Commands.php(74): CodeIgniter\Commands\Database\Migrate->run(Array)
#10 H:\Documents\materi-pembelajaran\SisFoPPU\system\CLI\Console.php(47): CodeIgniter\CLI\Commands->run('migrate', Array)
#11 H:\Documents\materi-pembelajaran\SisFoPPU\system\Boot.php(442): CodeIgniter\CLI\Console->run()
#12 H:\Documents\materi-pembelajaran\SisFoPPU\system\Boot.php(166): CodeIgniter\Boot::runCommand(Object(CodeIgniter\CLI\Console))
#13 H:\Documents\materi-pembelajaran\SisFoPPU\spark(87): CodeIgniter\Boot::bootSpark(Object(Config\Paths))
#14 {main}
ERROR - 2026-05-20 21:26:55 --> Error connecting to the database: mysqli_sql_exception: Unknown database 'db_penilaian_praktikum' in H:\Documents\materi-pembelajaran\SisFoPPU\system\Database\MySQLi\Connection.php:201
Stack trace:
#0 H:\Documents\materi-pembelajaran\SisFoPPU\system\Database\MySQLi\Connection.php(201): mysqli->real_connect('localhost', 'root', Object(SensitiveParameterValue), 'db_penilaian_pr...', 3306, '', 0)
#1 H:\Documents\materi-pembelajaran\SisFoPPU\system\Database\BaseConnection.php(555): CodeIgniter\Database\MySQLi\Connection->connect(false)
#2 H:\Documents\materi-pembelajaran\SisFoPPU\system\Database\BaseConnection.php(795): CodeIgniter\Database\BaseConnection->initialize()
#3 H:\Documents\materi-pembelajaran\SisFoPPU\system\Database\BaseConnection.php(1706): CodeIgniter\Database\BaseConnection->query('SHOW TABLES FRO...')
#4 H:\Documents\materi-pembelajaran\SisFoPPU\system\Database\BaseConnection.php(1726): CodeIgniter\Database\BaseConnection->listTables()
#5 H:\Documents\materi-pembelajaran\SisFoPPU\system\Database\MigrationRunner.php(821): CodeIgniter\Database\BaseConnection->tableExists('migrations')
#6 H:\Documents\materi-pembelajaran\SisFoPPU\system\Database\MigrationRunner.php(173): CodeIgniter\Database\MigrationRunner->ensureTable()
#7 H:\Documents\materi-pembelajaran\SisFoPPU\system\Commands\Database\Migrate.php(89): CodeIgniter\Database\MigrationRunner->latest(NULL)
#8 H:\Documents\materi-pembelajaran\SisFoPPU\system\CLI\SignalTrait.php(245): CodeIgniter\Commands\Database\Migrate::CodeIgniter\Commands\Database\{closure}()
#9 H:\Documents\materi-pembelajaran\SisFoPPU\system\Commands\Database\Migrate.php(88): CodeIgniter\Commands\Database\Migrate->withSignalsBlocked(Object(Closure))
#10 H:\Documents\materi-pembelajaran\SisFoPPU\system\CLI\Commands.php(74): CodeIgniter\Commands\Database\Migrate->run(Array)
#11 H:\Documents\materi-pembelajaran\SisFoPPU\system\CLI\Console.php(47): CodeIgniter\CLI\Commands->run('migrate', Array)
#12 H:\Documents\materi-pembelajaran\SisFoPPU\system\Boot.php(442): CodeIgniter\CLI\Console->run()
#13 H:\Documents\materi-pembelajaran\SisFoPPU\system\Boot.php(166): CodeIgniter\Boot::runCommand(Object(CodeIgniter\CLI\Console))
#14 H:\Documents\materi-pembelajaran\SisFoPPU\spark(87): CodeIgniter\Boot::bootSpark(Object(Config\Paths))
#15 {main}

Next CodeIgniter\Database\Exceptions\DatabaseException: Unknown database 'db_penilaian_praktikum' in H:\Documents\materi-pembelajaran\SisFoPPU\system\Database\MySQLi\Connection.php:231
Stack trace:
#0 H:\Documents\materi-pembelajaran\SisFoPPU\system\Database\BaseConnection.php(555): CodeIgniter\Database\MySQLi\Connection->connect(false)
#1 H:\Documents\materi-pembelajaran\SisFoPPU\system\Database\BaseConnection.php(795): CodeIgniter\Database\BaseConnection->initialize()
#2 H:\Documents\materi-pembelajaran\SisFoPPU\system\Database\BaseConnection.php(1706): CodeIgniter\Database\BaseConnection->query('SHOW TABLES FRO...')
#3 H:\Documents\materi-pembelajaran\SisFoPPU\system\Database\BaseConnection.php(1726): CodeIgniter\Database\BaseConnection->listTables()
#4 H:\Documents\materi-pembelajaran\SisFoPPU\system\Database\MigrationRunner.php(821): CodeIgniter\Database\BaseConnection->tableExists('migrations')
#5 H:\Documents\materi-pembelajaran\SisFoPPU\system\Database\MigrationRunner.php(173): CodeIgniter\Database\MigrationRunner->ensureTable()
#6 H:\Documents\materi-pembelajaran\SisFoPPU\system\Commands\Database\Migrate.php(89): CodeIgniter\Database\MigrationRunner->latest(NULL)
#7 H:\Documents\materi-pembelajaran\SisFoPPU\system\CLI\SignalTrait.php(245): CodeIgniter\Commands\Database\Migrate::CodeIgniter\Commands\Database\{closure}()
#8 H:\Documents\materi-pembelajaran\SisFoPPU\system\Commands\Database\Migrate.php(88): CodeIgniter\Commands\Database\Migrate->withSignalsBlocked(Object(Closure))
#9 H:\Documents\materi-pembelajaran\SisFoPPU\system\CLI\Commands.php(74): CodeIgniter\Commands\Database\Migrate->run(Array)
#10 H:\Documents\materi-pembelajaran\SisFoPPU\system\CLI\Console.php(47): CodeIgniter\CLI\Commands->run('migrate', Array)
#11 H:\Documents\materi-pembelajaran\SisFoPPU\system\Boot.php(442): CodeIgniter\CLI\Console->run()
#12 H:\Documents\materi-pembelajaran\SisFoPPU\system\Boot.php(166): CodeIgniter\Boot::runCommand(Object(CodeIgniter\CLI\Console))
#13 H:\Documents\materi-pembelajaran\SisFoPPU\spark(87): CodeIgniter\Boot::bootSpark(Object(Config\Paths))
#14 {main}
ERROR - 2026-05-20 22:31:33 --> Table 'users' already exists
in SYSTEMPATH\Database\MySQLi\Connection.php on line 300.
 1 SYSTEMPATH\Database\MySQLi\Connection.php(300): mysqli->query('CREATE TABLE `users` (
	`id` INT UNSIGNED NOT NULL AUTO_INCREMENT,
	`login_identifier` CHAR(10) NOT NULL,
	`identifier_type` ENUM(\'NIM\',\'NID\',\'NIP\') NOT NULL,
	`password_hash` VARCHAR(255) NOT NULL,
	`full_name` VARCHAR(150) NOT NULL,
	`email` VARCHAR(150) NULL,
	`phone` VARCHAR(25) NULL,
	`is_active` TINYINT(1) NOT NULL DEFAULT 1,
	`last_login_at` DATETIME NULL,
	`created_at` DATETIME NULL,
	`updated_at` DATETIME NULL,
	`deleted_at` DATETIME NULL,
	CONSTRAINT `pk_users` PRIMARY KEY(`id`),
	UNIQUE KEY `login_identifier` (`login_identifier`),
	UNIQUE KEY `email` (`email`),
	KEY `identifier_type` (`identifier_type`)
) DEFAULT CHARACTER SET = utf8mb4 COLLATE = utf8mb4_general_ci', 0)
 2 SYSTEMPATH\Database\BaseConnection.php(910): CodeIgniter\Database\MySQLi\Connection->execute('CREATE TABLE `users` (
	`id` INT UNSIGNED NOT NULL AUTO_INCREMENT,
	`login_identifier` CHAR(10) NOT NULL,
	`identifier_type` ENUM(\'NIM\',\'NID\',\'NIP\') NOT NULL,
	`password_hash` VARCHAR(255) NOT NULL,
	`full_name` VARCHAR(150) NOT NULL,
	`email` VARCHAR(150) NULL,
	`phone` VARCHAR(25) NULL,
	`is_active` TINYINT(1) NOT NULL DEFAULT 1,
	`last_login_at` DATETIME NULL,
	`created_at` DATETIME NULL,
	`updated_at` DATETIME NULL,
	`deleted_at` DATETIME NULL,
	CONSTRAINT `pk_users` PRIMARY KEY(`id`),
	UNIQUE KEY `login_identifier` (`login_identifier`),
	UNIQUE KEY `email` (`email`),
	KEY `identifier_type` (`identifier_type`)
) DEFAULT CHARACTER SET = utf8mb4 COLLATE = utf8mb4_general_ci')
 3 SYSTEMPATH\Database\BaseConnection.php(827): CodeIgniter\Database\BaseConnection->simpleQuery('CREATE TABLE `users` (
	`id` INT UNSIGNED NOT NULL AUTO_INCREMENT,
	`login_identifier` CHAR(10) NOT NULL,
	`identifier_type` ENUM(\'NIM\',\'NID\',\'NIP\') NOT NULL,
	`password_hash` VARCHAR(255) NOT NULL,
	`full_name` VARCHAR(150) NOT NULL,
	`email` VARCHAR(150) NULL,
	`phone` VARCHAR(25) NULL,
	`is_active` TINYINT(1) NOT NULL DEFAULT 1,
	`last_login_at` DATETIME NULL,
	`created_at` DATETIME NULL,
	`updated_at` DATETIME NULL,
	`deleted_at` DATETIME NULL,
	CONSTRAINT `pk_users` PRIMARY KEY(`id`),
	UNIQUE KEY `login_identifier` (`login_identifier`),
	UNIQUE KEY `email` (`email`),
	KEY `identifier_type` (`identifier_type`)
) DEFAULT CHARACTER SET = utf8mb4 COLLATE = utf8mb4_general_ci')
 4 SYSTEMPATH\Database\Forge.php(570): CodeIgniter\Database\BaseConnection->query('CREATE TABLE `users` (
	`id` INT UNSIGNED NOT NULL AUTO_INCREMENT,
	`login_identifier` CHAR(10) NOT NULL,
	`identifier_type` ENUM(\'NIM\',\'NID\',\'NIP\') NOT NULL,
	`password_hash` VARCHAR(255) NOT NULL,
	`full_name` VARCHAR(150) NOT NULL,
	`email` VARCHAR(150) NULL,
	`phone` VARCHAR(25) NULL,
	`is_active` TINYINT(1) NOT NULL DEFAULT 1,
	`last_login_at` DATETIME NULL,
	`created_at` DATETIME NULL,
	`updated_at` DATETIME NULL,
	`deleted_at` DATETIME NULL,
	CONSTRAINT `pk_users` PRIMARY KEY(`id`),
	UNIQUE KEY `login_identifier` (`login_identifier`),
	UNIQUE KEY `email` (`email`),
	KEY `identifier_type` (`identifier_type`)
) DEFAULT CHARACTER SET = utf8mb4 COLLATE = utf8mb4_general_ci')
 5 APPPATH\Database\Migrations\2026-05-21-000001_create_auth_core_tables.php(70): CodeIgniter\Database\Forge->createTable('users')
 6 SYSTEMPATH\Database\MigrationRunner.php(1014): App\Database\Migrations\CreateAuthCoreTables->up()
 7 SYSTEMPATH\Database\MigrationRunner.php(202): CodeIgniter\Database\MigrationRunner->migrate('up', Object(stdClass))
 8 SYSTEMPATH\Commands\Database\Migrate.php(89): CodeIgniter\Database\MigrationRunner->latest(null)
 9 SYSTEMPATH\CLI\SignalTrait.php(245): CodeIgniter\Commands\Database\Migrate::CodeIgniter\Commands\Database\{closure}()
10 SYSTEMPATH\Commands\Database\Migrate.php(88): CodeIgniter\Commands\Database\Migrate->withSignalsBlocked(Object(Closure))
11 SYSTEMPATH\CLI\Commands.php(74): CodeIgniter\Commands\Database\Migrate->run([...])
12 SYSTEMPATH\CLI\Console.php(47): CodeIgniter\CLI\Commands->run('migrate', [...])
13 SYSTEMPATH\Boot.php(442): CodeIgniter\CLI\Console->run()
14 SYSTEMPATH\Boot.php(166): CodeIgniter\Boot::runCommand(Object(CodeIgniter\CLI\Console))
15 ROOTPATH\spark(87): CodeIgniter\Boot::bootSpark(Object(Config\Paths))
