DEBUG - 2026-05-23 06:49:11 --> Session: Class initialized using 'CodeIgniter\Session\Handlers\FileHandler' driver.
DEBUG - 2026-05-23 06:49:19 --> Session: Class initialized using 'CodeIgniter\Session\Handlers\FileHandler' driver.
ERROR - 2026-05-23 06:59:54 --> Duplicate entry '0000000001' for key 'user_id'
in SYSTEMPATH\Database\MySQLi\Connection.php on line 300.
 1 SYSTEMPATH\Database\MySQLi\Connection.php(300): mysqli->query('INSERT INTO `admins` (`user_id`, `nip`, `unit_name`, `position`, `status`, `created_at`, `updated_at`) VALUES (\'0000000001\', \'1600000004\', \'SISFO\', \'Admin Dummy 4\', \'aktif\', \'2026-05-23 06:59:49\', \'2026-05-23 06:59:49\')', 0)
 2 SYSTEMPATH\Database\BaseConnection.php(910): CodeIgniter\Database\MySQLi\Connection->execute('INSERT INTO `admins` (`user_id`, `nip`, `unit_name`, `position`, `status`, `created_at`, `updated_at`) VALUES (\'0000000001\', \'1600000004\', \'SISFO\', \'Admin Dummy 4\', \'aktif\', \'2026-05-23 06:59:49\', \'2026-05-23 06:59:49\')')
 3 SYSTEMPATH\Database\BaseConnection.php(827): CodeIgniter\Database\BaseConnection->simpleQuery('INSERT INTO `admins` (`user_id`, `nip`, `unit_name`, `position`, `status`, `created_at`, `updated_at`) VALUES (\'0000000001\', \'1600000004\', \'SISFO\', \'Admin Dummy 4\', \'aktif\', \'2026-05-23 06:59:49\', \'2026-05-23 06:59:49\')')
 4 SYSTEMPATH\Database\BaseBuilder.php(2345): CodeIgniter\Database\BaseConnection->query('INSERT INTO `admins` (`user_id`, `nip`, `unit_name`, `position`, `status`, `created_at`, `updated_at`) VALUES (:user_id:, :nip:, :unit_name:, :position:, :status:, :created_at:, :updated_at:)', [...], false)
 5 APPPATH\Database\Seeds\DummyDataSeeder.php(1016): CodeIgniter\Database\BaseBuilder->insert([...])
 6 APPPATH\Database\Seeds\DummyDataSeeder.php(348): App\Database\Seeds\DummyDataSeeder->topUp('admins', Object(Closure))
 7 APPPATH\Database\Seeds\DummyDataSeeder.php(28): App\Database\Seeds\DummyDataSeeder->seedAdmins()
 8 SYSTEMPATH\Database\Seeder.php(155): App\Database\Seeds\DummyDataSeeder->run()
 9 APPPATH\Database\Seeds\InitialSystemSeeder.php(171): CodeIgniter\Database\Seeder->call('App\\Database\\Seeds\\DummyDataSeeder')
10 SYSTEMPATH\Database\Seeder.php(155): App\Database\Seeds\InitialSystemSeeder->run()
11 SYSTEMPATH\Commands\Database\Seed.php(79): CodeIgniter\Database\Seeder->call('App\\Database\\Seeds\\InitialSystemSeeder')
12 SYSTEMPATH\CLI\Commands.php(74): CodeIgniter\Commands\Database\Seed->run([])
13 SYSTEMPATH\CLI\Console.php(47): CodeIgniter\CLI\Commands->run('db:seed', [...])
14 SYSTEMPATH\Boot.php(442): CodeIgniter\CLI\Console->run()
15 SYSTEMPATH\Boot.php(166): CodeIgniter\Boot::runCommand(Object(CodeIgniter\CLI\Console))
16 ROOTPATH\spark(87): CodeIgniter\Boot::bootSpark(Object(Config\Paths))
ERROR - 2026-05-23 07:05:56 --> Can't create table `db_penilaian_praktikum`.`kelas` (errno: 150 "Foreign key constraint is incorrectly formed")
in SYSTEMPATH\Database\MySQLi\Connection.php on line 300.
 1 SYSTEMPATH\Database\MySQLi\Connection.php(300): mysqli->query('CREATE TABLE `kelas` (
	`id` INT(11) UNSIGNED NOT NULL AUTO_INCREMENT,
	`nama_kelas` VARCHAR(50) NOT NULL,
	`mata_kuliah_id` INT(11) UNSIGNED NOT NULL,
	`dosen_id` INT(11) UNSIGNED NULL,
	`tahun_akademik_id` INT(11) UNSIGNED NOT NULL,
	`created_at` DATETIME NULL,
	`updated_at` DATETIME NULL,
	CONSTRAINT `pk_kelas` PRIMARY KEY(`id`),
	CONSTRAINT `kelas_mata_kuliah_id_foreign` FOREIGN KEY (`mata_kuliah_id`) REFERENCES `mata_kuliah`(`id`) ON DELETE CASCADE ON UPDATE CASCADE,
	CONSTRAINT `kelas_dosen_id_foreign` FOREIGN KEY (`dosen_id`) REFERENCES `users`(`id`) ON DELETE SET NULL ON UPDATE CASCADE,
	CONSTRAINT `kelas_tahun_akademik_id_foreign` FOREIGN KEY (`tahun_akademik_id`) REFERENCES `tahun_akademik`(`id`) ON DELETE CASCADE ON UPDATE CASCADE
) DEFAULT CHARACTER SET = utf8mb4 COLLATE = utf8mb4_general_ci', 0)
 2 SYSTEMPATH\Database\BaseConnection.php(910): CodeIgniter\Database\MySQLi\Connection->execute('CREATE TABLE `kelas` (
	`id` INT(11) UNSIGNED NOT NULL AUTO_INCREMENT,
	`nama_kelas` VARCHAR(50) NOT NULL,
	`mata_kuliah_id` INT(11) UNSIGNED NOT NULL,
	`dosen_id` INT(11) UNSIGNED NULL,
	`tahun_akademik_id` INT(11) UNSIGNED NOT NULL,
	`created_at` DATETIME NULL,
	`updated_at` DATETIME NULL,
	CONSTRAINT `pk_kelas` PRIMARY KEY(`id`),
	CONSTRAINT `kelas_mata_kuliah_id_foreign` FOREIGN KEY (`mata_kuliah_id`) REFERENCES `mata_kuliah`(`id`) ON DELETE CASCADE ON UPDATE CASCADE,
	CONSTRAINT `kelas_dosen_id_foreign` FOREIGN KEY (`dosen_id`) REFERENCES `users`(`id`) ON DELETE SET NULL ON UPDATE CASCADE,
	CONSTRAINT `kelas_tahun_akademik_id_foreign` FOREIGN KEY (`tahun_akademik_id`) REFERENCES `tahun_akademik`(`id`) ON DELETE CASCADE ON UPDATE CASCADE
) DEFAULT CHARACTER SET = utf8mb4 COLLATE = utf8mb4_general_ci')
 3 SYSTEMPATH\Database\BaseConnection.php(827): CodeIgniter\Database\BaseConnection->simpleQuery('CREATE TABLE `kelas` (
	`id` INT(11) UNSIGNED NOT NULL AUTO_INCREMENT,
	`nama_kelas` VARCHAR(50) NOT NULL,
	`mata_kuliah_id` INT(11) UNSIGNED NOT NULL,
	`dosen_id` INT(11) UNSIGNED NULL,
	`tahun_akademik_id` INT(11) UNSIGNED NOT NULL,
	`created_at` DATETIME NULL,
	`updated_at` DATETIME NULL,
	CONSTRAINT `pk_kelas` PRIMARY KEY(`id`),
	CONSTRAINT `kelas_mata_kuliah_id_foreign` FOREIGN KEY (`mata_kuliah_id`) REFERENCES `mata_kuliah`(`id`) ON DELETE CASCADE ON UPDATE CASCADE,
	CONSTRAINT `kelas_dosen_id_foreign` FOREIGN KEY (`dosen_id`) REFERENCES `users`(`id`) ON DELETE SET NULL ON UPDATE CASCADE,
	CONSTRAINT `kelas_tahun_akademik_id_foreign` FOREIGN KEY (`tahun_akademik_id`) REFERENCES `tahun_akademik`(`id`) ON DELETE CASCADE ON UPDATE CASCADE
) DEFAULT CHARACTER SET = utf8mb4 COLLATE = utf8mb4_general_ci')
 4 SYSTEMPATH\Database\Forge.php(570): CodeIgniter\Database\BaseConnection->query('CREATE TABLE `kelas` (
	`id` INT(11) UNSIGNED NOT NULL AUTO_INCREMENT,
	`nama_kelas` VARCHAR(50) NOT NULL,
	`mata_kuliah_id` INT(11) UNSIGNED NOT NULL,
	`dosen_id` INT(11) UNSIGNED NULL,
	`tahun_akademik_id` INT(11) UNSIGNED NOT NULL,
	`created_at` DATETIME NULL,
	`updated_at` DATETIME NULL,
	CONSTRAINT `pk_kelas` PRIMARY KEY(`id`),
	CONSTRAINT `kelas_mata_kuliah_id_foreign` FOREIGN KEY (`mata_kuliah_id`) REFERENCES `mata_kuliah`(`id`) ON DELETE CASCADE ON UPDATE CASCADE,
	CONSTRAINT `kelas_dosen_id_foreign` FOREIGN KEY (`dosen_id`) REFERENCES `users`(`id`) ON DELETE SET NULL ON UPDATE CASCADE,
	CONSTRAINT `kelas_tahun_akademik_id_foreign` FOREIGN KEY (`tahun_akademik_id`) REFERENCES `tahun_akademik`(`id`) ON DELETE CASCADE ON UPDATE CASCADE
) DEFAULT CHARACTER SET = utf8mb4 COLLATE = utf8mb4_general_ci')
 5 APPPATH\Database\Migrations\2026-05-19-052531_CreateKelasTable.php(52): CodeIgniter\Database\Forge->createTable('kelas')
 6 SYSTEMPATH\Database\MigrationRunner.php(1014): App\Database\Migrations\CreateKelasTable->up()
 7 SYSTEMPATH\Database\MigrationRunner.php(202): CodeIgniter\Database\MigrationRunner->migrate('up', Object(stdClass))
 8 SYSTEMPATH\Commands\Database\Migrate.php(89): CodeIgniter\Database\MigrationRunner->latest(null)
 9 SYSTEMPATH\CLI\SignalTrait.php(245): CodeIgniter\Commands\Database\Migrate::CodeIgniter\Commands\Database\{closure}()
10 SYSTEMPATH\Commands\Database\Migrate.php(88): CodeIgniter\Commands\Database\Migrate->withSignalsBlocked(Object(Closure))
11 SYSTEMPATH\CLI\Commands.php(74): CodeIgniter\Commands\Database\Migrate->run([])
12 SYSTEMPATH\CLI\Console.php(47): CodeIgniter\CLI\Commands->run('migrate', [])
13 SYSTEMPATH\Boot.php(442): CodeIgniter\CLI\Console->run()
14 SYSTEMPATH\Boot.php(166): CodeIgniter\Boot::runCommand(Object(CodeIgniter\CLI\Console))
15 ROOTPATH\spark(87): CodeIgniter\Boot::bootSpark(Object(Config\Paths))
ERROR - 2026-05-23 07:08:55 --> Can't create table `db_penilaian_praktikum`.`kelas` (errno: 150 "Foreign key constraint is incorrectly formed")
in SYSTEMPATH\Database\MySQLi\Connection.php on line 300.
 1 SYSTEMPATH\Database\MySQLi\Connection.php(300): mysqli->query('CREATE TABLE `kelas` (
	`id` INT(11) UNSIGNED NOT NULL AUTO_INCREMENT,
	`nama_kelas` VARCHAR(50) NOT NULL,
	`mata_kuliah_id` INT(11) UNSIGNED NOT NULL,
	`dosen_id` CHAR(10) NULL,
	`tahun_akademik_id` INT(11) UNSIGNED NOT NULL,
	`created_at` DATETIME NULL,
	`updated_at` DATETIME NULL,
	CONSTRAINT `pk_kelas` PRIMARY KEY(`id`),
	CONSTRAINT `kelas_mata_kuliah_id_foreign` FOREIGN KEY (`mata_kuliah_id`) REFERENCES `mata_kuliah`(`id`) ON DELETE CASCADE ON UPDATE CASCADE,
	CONSTRAINT `kelas_dosen_id_foreign` FOREIGN KEY (`dosen_id`) REFERENCES `users`(`id`) ON DELETE SET NULL ON UPDATE CASCADE,
	CONSTRAINT `kelas_tahun_akademik_id_foreign` FOREIGN KEY (`tahun_akademik_id`) REFERENCES `tahun_akademik`(`id`) ON DELETE CASCADE ON UPDATE CASCADE
) DEFAULT CHARACTER SET = utf8mb4 COLLATE = utf8mb4_general_ci', 0)
 2 SYSTEMPATH\Database\BaseConnection.php(910): CodeIgniter\Database\MySQLi\Connection->execute('CREATE TABLE `kelas` (
	`id` INT(11) UNSIGNED NOT NULL AUTO_INCREMENT,
	`nama_kelas` VARCHAR(50) NOT NULL,
	`mata_kuliah_id` INT(11) UNSIGNED NOT NULL,
	`dosen_id` CHAR(10) NULL,
	`tahun_akademik_id` INT(11) UNSIGNED NOT NULL,
	`created_at` DATETIME NULL,
	`updated_at` DATETIME NULL,
	CONSTRAINT `pk_kelas` PRIMARY KEY(`id`),
	CONSTRAINT `kelas_mata_kuliah_id_foreign` FOREIGN KEY (`mata_kuliah_id`) REFERENCES `mata_kuliah`(`id`) ON DELETE CASCADE ON UPDATE CASCADE,
	CONSTRAINT `kelas_dosen_id_foreign` FOREIGN KEY (`dosen_id`) REFERENCES `users`(`id`) ON DELETE SET NULL ON UPDATE CASCADE,
	CONSTRAINT `kelas_tahun_akademik_id_foreign` FOREIGN KEY (`tahun_akademik_id`) REFERENCES `tahun_akademik`(`id`) ON DELETE CASCADE ON UPDATE CASCADE
) DEFAULT CHARACTER SET = utf8mb4 COLLATE = utf8mb4_general_ci')
 3 SYSTEMPATH\Database\BaseConnection.php(827): CodeIgniter\Database\BaseConnection->simpleQuery('CREATE TABLE `kelas` (
	`id` INT(11) UNSIGNED NOT NULL AUTO_INCREMENT,
	`nama_kelas` VARCHAR(50) NOT NULL,
	`mata_kuliah_id` INT(11) UNSIGNED NOT NULL,
	`dosen_id` CHAR(10) NULL,
	`tahun_akademik_id` INT(11) UNSIGNED NOT NULL,
	`created_at` DATETIME NULL,
	`updated_at` DATETIME NULL,
	CONSTRAINT `pk_kelas` PRIMARY KEY(`id`),
	CONSTRAINT `kelas_mata_kuliah_id_foreign` FOREIGN KEY (`mata_kuliah_id`) REFERENCES `mata_kuliah`(`id`) ON DELETE CASCADE ON UPDATE CASCADE,
	CONSTRAINT `kelas_dosen_id_foreign` FOREIGN KEY (`dosen_id`) REFERENCES `users`(`id`) ON DELETE SET NULL ON UPDATE CASCADE,
	CONSTRAINT `kelas_tahun_akademik_id_foreign` FOREIGN KEY (`tahun_akademik_id`) REFERENCES `tahun_akademik`(`id`) ON DELETE CASCADE ON UPDATE CASCADE
) DEFAULT CHARACTER SET = utf8mb4 COLLATE = utf8mb4_general_ci')
 4 SYSTEMPATH\Database\Forge.php(570): CodeIgniter\Database\BaseConnection->query('CREATE TABLE `kelas` (
	`id` INT(11) UNSIGNED NOT NULL AUTO_INCREMENT,
	`nama_kelas` VARCHAR(50) NOT NULL,
	`mata_kuliah_id` INT(11) UNSIGNED NOT NULL,
	`dosen_id` CHAR(10) NULL,
	`tahun_akademik_id` INT(11) UNSIGNED NOT NULL,
	`created_at` DATETIME NULL,
	`updated_at` DATETIME NULL,
	CONSTRAINT `pk_kelas` PRIMARY KEY(`id`),
	CONSTRAINT `kelas_mata_kuliah_id_foreign` FOREIGN KEY (`mata_kuliah_id`) REFERENCES `mata_kuliah`(`id`) ON DELETE CASCADE ON UPDATE CASCADE,
	CONSTRAINT `kelas_dosen_id_foreign` FOREIGN KEY (`dosen_id`) REFERENCES `users`(`id`) ON DELETE SET NULL ON UPDATE CASCADE,
	CONSTRAINT `kelas_tahun_akademik_id_foreign` FOREIGN KEY (`tahun_akademik_id`) REFERENCES `tahun_akademik`(`id`) ON DELETE CASCADE ON UPDATE CASCADE
) DEFAULT CHARACTER SET = utf8mb4 COLLATE = utf8mb4_general_ci')
 5 APPPATH\Database\Migrations\2026-05-19-052531_CreateKelasTable.php(51): CodeIgniter\Database\Forge->createTable('kelas')
 6 SYSTEMPATH\Database\MigrationRunner.php(1014): App\Database\Migrations\CreateKelasTable->up()
 7 SYSTEMPATH\Database\MigrationRunner.php(202): CodeIgniter\Database\MigrationRunner->migrate('up', Object(stdClass))
 8 SYSTEMPATH\Commands\Database\Migrate.php(89): CodeIgniter\Database\MigrationRunner->latest(null)
 9 SYSTEMPATH\CLI\SignalTrait.php(245): CodeIgniter\Commands\Database\Migrate::CodeIgniter\Commands\Database\{closure}()
10 SYSTEMPATH\Commands\Database\Migrate.php(88): CodeIgniter\Commands\Database\Migrate->withSignalsBlocked(Object(Closure))
11 SYSTEMPATH\CLI\Commands.php(74): CodeIgniter\Commands\Database\Migrate->run([])
12 SYSTEMPATH\CLI\Console.php(47): CodeIgniter\CLI\Commands->run('migrate', [])
13 SYSTEMPATH\Boot.php(442): CodeIgniter\CLI\Console->run()
14 SYSTEMPATH\Boot.php(166): CodeIgniter\Boot::runCommand(Object(CodeIgniter\CLI\Console))
15 ROOTPATH\spark(87): CodeIgniter\Boot::bootSpark(Object(Config\Paths))
INFO - 2026-05-23 07:16:48 --> CSRF token verified.
DEBUG - 2026-05-23 07:16:48 --> Session: Class initialized using 'CodeIgniter\Session\Handlers\FileHandler' driver.
DEBUG - 2026-05-23 07:16:49 --> Session: Class initialized using 'CodeIgniter\Session\Handlers\FileHandler' driver.
INFO - 2026-05-23 07:18:28 --> CSRF token verified.
DEBUG - 2026-05-23 07:18:28 --> Session: Class initialized using 'CodeIgniter\Session\Handlers\FileHandler' driver.
ERROR - 2026-05-23 07:18:29 --> Unknown column 'activity' in 'field list'
in SYSTEMPATH\Database\MySQLi\Connection.php on line 300.
 1 SYSTEMPATH\Database\MySQLi\Connection.php(300): mysqli->query('INSERT INTO `activity_logs` (`user_id`, `activity`, `description`, `ip_address`, `user_agent`, `created_at`) VALUES (1, \'LOGIN_FAILED\', \'Login gagal karena password salah.\', \'::1\', \'Mozilla/5.0 (Windows NT 10.0; Win64; x64) AppleWebKit/537.36 (KHTML, like Gecko) Chrome/148.0.0.0 Safari/537.36\', \'2026-05-23 07:18:29\')', 0)
 2 SYSTEMPATH\Database\BaseConnection.php(910): CodeIgniter\Database\MySQLi\Connection->execute('INSERT INTO `activity_logs` (`user_id`, `activity`, `description`, `ip_address`, `user_agent`, `created_at`) VALUES (1, \'LOGIN_FAILED\', \'Login gagal karena password salah.\', \'::1\', \'Mozilla/5.0 (Windows NT 10.0; Win64; x64) AppleWebKit/537.36 (KHTML, like Gecko) Chrome/148.0.0.0 Safari/537.36\', \'2026-05-23 07:18:29\')')
 3 SYSTEMPATH\Database\BaseConnection.php(827): CodeIgniter\Database\BaseConnection->simpleQuery('INSERT INTO `activity_logs` (`user_id`, `activity`, `description`, `ip_address`, `user_agent`, `created_at`) VALUES (1, \'LOGIN_FAILED\', \'Login gagal karena password salah.\', \'::1\', \'Mozilla/5.0 (Windows NT 10.0; Win64; x64) AppleWebKit/537.36 (KHTML, like Gecko) Chrome/148.0.0.0 Safari/537.36\', \'2026-05-23 07:18:29\')')
 4 SYSTEMPATH\Database\BaseBuilder.php(2345): CodeIgniter\Database\BaseConnection->query('INSERT INTO `activity_logs` (`user_id`, `activity`, `description`, `ip_address`, `user_agent`, `created_at`) VALUES (:user_id:, :activity:, :description:, :ip_address:, :user_agent:, :created_at:)', [...], false)
 5 SYSTEMPATH\Model.php(355): CodeIgniter\Database\BaseBuilder->insert()
 6 SYSTEMPATH\BaseModel.php(899): CodeIgniter\Model->doInsert([...])
 7 SYSTEMPATH\Model.php(668): CodeIgniter\BaseModel->insert([...], true)
 8 APPPATH\Models\ActivityLogModel.php(25): CodeIgniter\Model->insert([...])
 9 APPPATH\Controllers\AuthController.php(109): App\Models\ActivityLogModel->logActivity(1, 'LOGIN_FAILED', 'Login gagal karena password salah.')
10 SYSTEMPATH\CodeIgniter.php(951): App\Controllers\AuthController->attemptLogin()
11 SYSTEMPATH\CodeIgniter.php(497): CodeIgniter\CodeIgniter->runController(Object(App\Controllers\AuthController))
12 SYSTEMPATH\CodeIgniter.php(340): CodeIgniter\CodeIgniter->handleRequest(null, Object(Config\Cache), false)
13 SYSTEMPATH\Boot.php(417): CodeIgniter\CodeIgniter->run()
14 SYSTEMPATH\Boot.php(68): CodeIgniter\Boot::runCodeIgniter(Object(CodeIgniter\CodeIgniter))
15 FCPATH\index.php(59): CodeIgniter\Boot::bootWeb(Object(Config\Paths))
16 SYSTEMPATH\rewrite.php(44): require_once('H:\\Documents\\materi-pembelajaran\\SisFoPPU\\public\\index.php')
CRITICAL - 2026-05-23 07:18:29 --> CodeIgniter\Database\Exceptions\DatabaseException: Unknown column 'activity' in 'field list'
[Method: POST, Route: login]
in SYSTEMPATH\Database\BaseConnection.php on line 865.
 1 SYSTEMPATH\Database\BaseBuilder.php(2345): CodeIgniter\Database\BaseConnection->query('INSERT INTO `activity_logs` (`user_id`, `activity`, `description`, `ip_address`, `user_agent`, `created_at`) VALUES (:user_id:, :activity:, :description:, :ip_address:, :user_agent:, :created_at:)', [...], false)
 2 SYSTEMPATH\Model.php(355): CodeIgniter\Database\BaseBuilder->insert()
 3 SYSTEMPATH\BaseModel.php(899): CodeIgniter\Model->doInsert([...])
 4 SYSTEMPATH\Model.php(668): CodeIgniter\BaseModel->insert([...], true)
 5 APPPATH\Models\ActivityLogModel.php(25): CodeIgniter\Model->insert([...])
 6 APPPATH\Controllers\AuthController.php(109): App\Models\ActivityLogModel->logActivity(1, 'LOGIN_FAILED', 'Login gagal karena password salah.')
 7 SYSTEMPATH\CodeIgniter.php(951): App\Controllers\AuthController->attemptLogin()
 8 SYSTEMPATH\CodeIgniter.php(497): CodeIgniter\CodeIgniter->runController(Object(App\Controllers\AuthController))
 9 SYSTEMPATH\CodeIgniter.php(340): CodeIgniter\CodeIgniter->handleRequest(null, Object(Config\Cache), false)
10 SYSTEMPATH\Boot.php(417): CodeIgniter\CodeIgniter->run()
11 SYSTEMPATH\Boot.php(68): CodeIgniter\Boot::runCodeIgniter(Object(CodeIgniter\CodeIgniter))
12 FCPATH\index.php(59): CodeIgniter\Boot::bootWeb(Object(Config\Paths))
13 SYSTEMPATH\rewrite.php(44): require_once('H:\\Documents\\materi-pembelajaran\\SisFoPPU\\public\\index.php')
CRITICAL - 2026-05-23 07:18:29 --> [Caused by] CodeIgniter\Database\Exceptions\DatabaseException: Unknown column 'activity' in 'field list'
in SYSTEMPATH\Database\MySQLi\Connection.php on line 310.
 1 SYSTEMPATH\Database\BaseConnection.php(910): CodeIgniter\Database\MySQLi\Connection->execute('INSERT INTO `activity_logs` (`user_id`, `activity`, `description`, `ip_address`, `user_agent`, `created_at`) VALUES (1, \'LOGIN_FAILED\', \'Login gagal karena password salah.\', \'::1\', \'Mozilla/5.0 (Windows NT 10.0; Win64; x64) AppleWebKit/537.36 (KHTML, like Gecko) Chrome/148.0.0.0 Safari/537.36\', \'2026-05-23 07:18:29\')')
 2 SYSTEMPATH\Database\BaseConnection.php(827): CodeIgniter\Database\BaseConnection->simpleQuery('INSERT INTO `activity_logs` (`user_id`, `activity`, `description`, `ip_address`, `user_agent`, `created_at`) VALUES (1, \'LOGIN_FAILED\', \'Login gagal karena password salah.\', \'::1\', \'Mozilla/5.0 (Windows NT 10.0; Win64; x64) AppleWebKit/537.36 (KHTML, like Gecko) Chrome/148.0.0.0 Safari/537.36\', \'2026-05-23 07:18:29\')')
 3 SYSTEMPATH\Database\BaseBuilder.php(2345): CodeIgniter\Database\BaseConnection->query('INSERT INTO `activity_logs` (`user_id`, `activity`, `description`, `ip_address`, `user_agent`, `created_at`) VALUES (:user_id:, :activity:, :description:, :ip_address:, :user_agent:, :created_at:)', [...], false)
 4 SYSTEMPATH\Model.php(355): CodeIgniter\Database\BaseBuilder->insert()
 5 SYSTEMPATH\BaseModel.php(899): CodeIgniter\Model->doInsert([...])
 6 SYSTEMPATH\Model.php(668): CodeIgniter\BaseModel->insert([...], true)
 7 APPPATH\Models\ActivityLogModel.php(25): CodeIgniter\Model->insert([...])
 8 APPPATH\Controllers\AuthController.php(109): App\Models\ActivityLogModel->logActivity(1, 'LOGIN_FAILED', 'Login gagal karena password salah.')
 9 SYSTEMPATH\CodeIgniter.php(951): App\Controllers\AuthController->attemptLogin()
10 SYSTEMPATH\CodeIgniter.php(497): CodeIgniter\CodeIgniter->runController(Object(App\Controllers\AuthController))
11 SYSTEMPATH\CodeIgniter.php(340): CodeIgniter\CodeIgniter->handleRequest(null, Object(Config\Cache), false)
12 SYSTEMPATH\Boot.php(417): CodeIgniter\CodeIgniter->run()
13 SYSTEMPATH\Boot.php(68): CodeIgniter\Boot::runCodeIgniter(Object(CodeIgniter\CodeIgniter))
14 FCPATH\index.php(59): CodeIgniter\Boot::bootWeb(Object(Config\Paths))
15 SYSTEMPATH\rewrite.php(44): require_once('H:\\Documents\\materi-pembelajaran\\SisFoPPU\\public\\index.php')
CRITICAL - 2026-05-23 07:18:29 --> [Caused by] mysqli_sql_exception: Unknown column 'activity' in 'field list'
in SYSTEMPATH\Database\MySQLi\Connection.php on line 300.
 1 SYSTEMPATH\Database\MySQLi\Connection.php(300): mysqli->query('INSERT INTO `activity_logs` (`user_id`, `activity`, `description`, `ip_address`, `user_agent`, `created_at`) VALUES (1, \'LOGIN_FAILED\', \'Login gagal karena password salah.\', \'::1\', \'Mozilla/5.0 (Windows NT 10.0; Win64; x64) AppleWebKit/537.36 (KHTML, like Gecko) Chrome/148.0.0.0 Safari/537.36\', \'2026-05-23 07:18:29\')', 0)
 2 SYSTEMPATH\Database\BaseConnection.php(910): CodeIgniter\Database\MySQLi\Connection->execute('INSERT INTO `activity_logs` (`user_id`, `activity`, `description`, `ip_address`, `user_agent`, `created_at`) VALUES (1, \'LOGIN_FAILED\', \'Login gagal karena password salah.\', \'::1\', \'Mozilla/5.0 (Windows NT 10.0; Win64; x64) AppleWebKit/537.36 (KHTML, like Gecko) Chrome/148.0.0.0 Safari/537.36\', \'2026-05-23 07:18:29\')')
 3 SYSTEMPATH\Database\BaseConnection.php(827): CodeIgniter\Database\BaseConnection->simpleQuery('INSERT INTO `activity_logs` (`user_id`, `activity`, `description`, `ip_address`, `user_agent`, `created_at`) VALUES (1, \'LOGIN_FAILED\', \'Login gagal karena password salah.\', \'::1\', \'Mozilla/5.0 (Windows NT 10.0; Win64; x64) AppleWebKit/537.36 (KHTML, like Gecko) Chrome/148.0.0.0 Safari/537.36\', \'2026-05-23 07:18:29\')')
 4 SYSTEMPATH\Database\BaseBuilder.php(2345): CodeIgniter\Database\BaseConnection->query('INSERT INTO `activity_logs` (`user_id`, `activity`, `description`, `ip_address`, `user_agent`, `created_at`) VALUES (:user_id:, :activity:, :description:, :ip_address:, :user_agent:, :created_at:)', [...], false)
 5 SYSTEMPATH\Model.php(355): CodeIgniter\Database\BaseBuilder->insert()
 6 SYSTEMPATH\BaseModel.php(899): CodeIgniter\Model->doInsert([...])
 7 SYSTEMPATH\Model.php(668): CodeIgniter\BaseModel->insert([...], true)
 8 APPPATH\Models\ActivityLogModel.php(25): CodeIgniter\Model->insert([...])
 9 APPPATH\Controllers\AuthController.php(109): App\Models\ActivityLogModel->logActivity(1, 'LOGIN_FAILED', 'Login gagal karena password salah.')
10 SYSTEMPATH\CodeIgniter.php(951): App\Controllers\AuthController->attemptLogin()
11 SYSTEMPATH\CodeIgniter.php(497): CodeIgniter\CodeIgniter->runController(Object(App\Controllers\AuthController))
12 SYSTEMPATH\CodeIgniter.php(340): CodeIgniter\CodeIgniter->handleRequest(null, Object(Config\Cache), false)
13 SYSTEMPATH\Boot.php(417): CodeIgniter\CodeIgniter->run()
14 SYSTEMPATH\Boot.php(68): CodeIgniter\Boot::runCodeIgniter(Object(CodeIgniter\CodeIgniter))
15 FCPATH\index.php(59): CodeIgniter\Boot::bootWeb(Object(Config\Paths))
16 SYSTEMPATH\rewrite.php(44): require_once('H:\\Documents\\materi-pembelajaran\\SisFoPPU\\public\\index.php')
