CRITICAL - 2026-05-14 22:29:22 --> Error: Class "CodeIgniter\Exceptions\PageForbiddenException" not found
[Method: GET, Route: coordinator/dashboard]
in APPPATH\Filters\CoordinatorAccessFilter.php on line 27.
 1 SYSTEMPATH\Filters\Filters.php(241): App\Filters\CoordinatorAccessFilter->before(Object(CodeIgniter\HTTP\IncomingRequest), null)
 2 SYSTEMPATH\Filters\Filters.php(221): CodeIgniter\Filters\Filters->runBefore([...])
 3 SYSTEMPATH\CodeIgniter.php(465): CodeIgniter\Filters\Filters->run('coordinator/dashboard', 'before')
 4 SYSTEMPATH\CodeIgniter.php(340): CodeIgniter\CodeIgniter->handleRequest(null, Object(Config\Cache), false)
 5 SYSTEMPATH\Boot.php(417): CodeIgniter\CodeIgniter->run()
 6 SYSTEMPATH\Boot.php(68): CodeIgniter\Boot::runCodeIgniter(Object(CodeIgniter\CodeIgniter))
 7 FCPATH\index.php(59): CodeIgniter\Boot::bootWeb(Object(Config\Paths))
 8 SYSTEMPATH\rewrite.php(44): require_once('H:\\Documents\\materi-pembelajaran\\SisFoPPU\\public\\index.php')
CRITICAL - 2026-05-14 22:31:21 --> Error: Class "CodeIgniter\Exceptions\PageForbiddenException" not found
[Method: GET, Route: coordinator/dashboard/]
in APPPATH\Filters\CoordinatorAccessFilter.php on line 27.
 1 SYSTEMPATH\Filters\Filters.php(241): App\Filters\CoordinatorAccessFilter->before(Object(CodeIgniter\HTTP\IncomingRequest), null)
 2 SYSTEMPATH\Filters\Filters.php(221): CodeIgniter\Filters\Filters->runBefore([...])
 3 SYSTEMPATH\CodeIgniter.php(465): CodeIgniter\Filters\Filters->run('coordinator/dashboard/', 'before')
 4 SYSTEMPATH\CodeIgniter.php(340): CodeIgniter\CodeIgniter->handleRequest(null, Object(Config\Cache), false)
 5 SYSTEMPATH\Boot.php(417): CodeIgniter\CodeIgniter->run()
 6 SYSTEMPATH\Boot.php(68): CodeIgniter\Boot::runCodeIgniter(Object(CodeIgniter\CodeIgniter))
 7 FCPATH\index.php(59): CodeIgniter\Boot::bootWeb(Object(Config\Paths))
 8 SYSTEMPATH\rewrite.php(44): require_once('H:\\Documents\\materi-pembelajaran\\SisFoPPU\\public\\index.php')
CRITICAL - 2026-05-14 22:35:32 --> Error: Class "CodeIgniter\Exceptions\PageForbiddenException" not found
[Method: GET, Route: coordinator/dashboard/]
in APPPATH\Filters\CoordinatorAccessFilter.php on line 27.
 1 SYSTEMPATH\Filters\Filters.php(241): App\Filters\CoordinatorAccessFilter->before(Object(CodeIgniter\HTTP\IncomingRequest), null)
 2 SYSTEMPATH\Filters\Filters.php(221): CodeIgniter\Filters\Filters->runBefore([...])
 3 SYSTEMPATH\CodeIgniter.php(465): CodeIgniter\Filters\Filters->run('coordinator/dashboard/', 'before')
 4 SYSTEMPATH\CodeIgniter.php(340): CodeIgniter\CodeIgniter->handleRequest(null, Object(Config\Cache), false)
 5 SYSTEMPATH\Boot.php(417): CodeIgniter\CodeIgniter->run()
 6 SYSTEMPATH\Boot.php(68): CodeIgniter\Boot::runCodeIgniter(Object(CodeIgniter\CodeIgniter))
 7 FCPATH\index.php(59): CodeIgniter\Boot::bootWeb(Object(Config\Paths))
 8 SYSTEMPATH\rewrite.php(44): require_once('H:\\Documents\\materi-pembelajaran\\SisFoPPU\\public\\index.php')
CRITICAL - 2026-05-14 22:40:58 --> Error: Class "CodeIgniter\Exceptions\PageForbiddenException" not found
[Method: GET, Route: coordinator/dashboard]
in APPPATH\Filters\CoordinatorAccessFilter.php on line 27.
 1 SYSTEMPATH\Filters\Filters.php(241): App\Filters\CoordinatorAccessFilter->before(Object(CodeIgniter\HTTP\IncomingRequest), null)
 2 SYSTEMPATH\Filters\Filters.php(221): CodeIgniter\Filters\Filters->runBefore([...])
 3 SYSTEMPATH\CodeIgniter.php(465): CodeIgniter\Filters\Filters->run('coordinator/dashboard', 'before')
 4 SYSTEMPATH\CodeIgniter.php(340): CodeIgniter\CodeIgniter->handleRequest(null, Object(Config\Cache), false)
 5 SYSTEMPATH\Boot.php(417): CodeIgniter\CodeIgniter->run()
 6 SYSTEMPATH\Boot.php(68): CodeIgniter\Boot::runCodeIgniter(Object(CodeIgniter\CodeIgniter))
 7 FCPATH\index.php(59): CodeIgniter\Boot::bootWeb(Object(Config\Paths))
 8 SYSTEMPATH\rewrite.php(44): require_once('H:\\Documents\\materi-pembelajaran\\SisFoPPU\\public\\index.php')
