DEBUG - 2026-05-25 21:30:13 --> Session: Class initialized using 'CodeIgniter\Session\Handlers\FileHandler' driver.
ERROR - 2026-05-25 21:38:57 --> Table 'users' already exists
in SYSTEMPATH\Database\MySQLi\Connection.php on line 300.
 1 SYSTEMPATH\Database\MySQLi\Connection.php(300): mysqli->query('CREATE TABLE `users` (
	`id` CHAR(10) NOT NULL,
	`login_identifier` CHAR(10) NOT NULL,
	`identifier_type` ENUM(\'NIM\',\'NID\',\'NIP\') NOT NULL,
	`password_hash` VARCHAR(255) NOT NULL,
	`full_name` VARCHAR(150) NOT NULL,
	`email` VARCHAR(150) NULL,
	`phone` VARCHAR(25) NULL,
	`is_active` TINYINT(1) NOT NULL DEFAULT 1,
	`last_login_at` DATETIME NULL,
	`created_at` DATETIME NULL,
	`updated_at` DATETIME NULL,
	`deleted_at` DATETIME NULL,
	CONSTRAINT `pk_users` PRIMARY KEY(`id`),
	UNIQUE KEY `login_identifier` (`login_identifier`),
	UNIQUE KEY `email` (`email`),
	KEY `identifier_type` (`identifier_type`)
) DEFAULT CHARACTER SET = utf8mb4 COLLATE = utf8mb4_general_ci', 0)
 2 SYSTEMPATH\Database\BaseConnection.php(910): CodeIgniter\Database\MySQLi\Connection->execute('CREATE TABLE `users` (
	`id` CHAR(10) NOT NULL,
	`login_identifier` CHAR(10) NOT NULL,
	`identifier_type` ENUM(\'NIM\',\'NID\',\'NIP\') NOT NULL,
	`password_hash` VARCHAR(255) NOT NULL,
	`full_name` VARCHAR(150) NOT NULL,
	`email` VARCHAR(150) NULL,
	`phone` VARCHAR(25) NULL,
	`is_active` TINYINT(1) NOT NULL DEFAULT 1,
	`last_login_at` DATETIME NULL,
	`created_at` DATETIME NULL,
	`updated_at` DATETIME NULL,
	`deleted_at` DATETIME NULL,
	CONSTRAINT `pk_users` PRIMARY KEY(`id`),
	UNIQUE KEY `login_identifier` (`login_identifier`),
	UNIQUE KEY `email` (`email`),
	KEY `identifier_type` (`identifier_type`)
) DEFAULT CHARACTER SET = utf8mb4 COLLATE = utf8mb4_general_ci')
 3 SYSTEMPATH\Database\BaseConnection.php(827): CodeIgniter\Database\BaseConnection->simpleQuery('CREATE TABLE `users` (
	`id` CHAR(10) NOT NULL,
	`login_identifier` CHAR(10) NOT NULL,
	`identifier_type` ENUM(\'NIM\',\'NID\',\'NIP\') NOT NULL,
	`password_hash` VARCHAR(255) NOT NULL,
	`full_name` VARCHAR(150) NOT NULL,
	`email` VARCHAR(150) NULL,
	`phone` VARCHAR(25) NULL,
	`is_active` TINYINT(1) NOT NULL DEFAULT 1,
	`last_login_at` DATETIME NULL,
	`created_at` DATETIME NULL,
	`updated_at` DATETIME NULL,
	`deleted_at` DATETIME NULL,
	CONSTRAINT `pk_users` PRIMARY KEY(`id`),
	UNIQUE KEY `login_identifier` (`login_identifier`),
	UNIQUE KEY `email` (`email`),
	KEY `identifier_type` (`identifier_type`)
) DEFAULT CHARACTER SET = utf8mb4 COLLATE = utf8mb4_general_ci')
 4 SYSTEMPATH\Database\Forge.php(570): CodeIgniter\Database\BaseConnection->query('CREATE TABLE `users` (
	`id` CHAR(10) NOT NULL,
	`login_identifier` CHAR(10) NOT NULL,
	`identifier_type` ENUM(\'NIM\',\'NID\',\'NIP\') NOT NULL,
	`password_hash` VARCHAR(255) NOT NULL,
	`full_name` VARCHAR(150) NOT NULL,
	`email` VARCHAR(150) NULL,
	`phone` VARCHAR(25) NULL,
	`is_active` TINYINT(1) NOT NULL DEFAULT 1,
	`last_login_at` DATETIME NULL,
	`created_at` DATETIME NULL,
	`updated_at` DATETIME NULL,
	`deleted_at` DATETIME NULL,
	CONSTRAINT `pk_users` PRIMARY KEY(`id`),
	UNIQUE KEY `login_identifier` (`login_identifier`),
	UNIQUE KEY `email` (`email`),
	KEY `identifier_type` (`identifier_type`)
) DEFAULT CHARACTER SET = utf8mb4 COLLATE = utf8mb4_general_ci')
 5 APPPATH\Database\Migrations\2026-05-21-000001_create_auth_core_tables.php(69): CodeIgniter\Database\Forge->createTable('users')
 6 SYSTEMPATH\Database\MigrationRunner.php(1014): App\Database\Migrations\CreateAuthCoreTables->up()
 7 SYSTEMPATH\Database\MigrationRunner.php(202): CodeIgniter\Database\MigrationRunner->migrate('up', Object(stdClass))
 8 SYSTEMPATH\Commands\Database\Migrate.php(89): CodeIgniter\Database\MigrationRunner->latest(null)
 9 SYSTEMPATH\CLI\SignalTrait.php(245): CodeIgniter\Commands\Database\Migrate::CodeIgniter\Commands\Database\{closure}()
10 SYSTEMPATH\Commands\Database\Migrate.php(88): CodeIgniter\Commands\Database\Migrate->withSignalsBlocked(Object(Closure))
11 SYSTEMPATH\CLI\Commands.php(74): CodeIgniter\Commands\Database\Migrate->run([])
12 SYSTEMPATH\CLI\Console.php(47): CodeIgniter\CLI\Commands->run('migrate', [])
13 SYSTEMPATH\Boot.php(442): CodeIgniter\CLI\Console->run()
14 SYSTEMPATH\Boot.php(166): CodeIgniter\Boot::runCommand(Object(CodeIgniter\CLI\Console))
15 ROOTPATH\spark(87): CodeIgniter\Boot::bootSpark(Object(Config\Paths))
DEBUG - 2026-05-25 21:43:44 --> Session: Class initialized using 'CodeIgniter\Session\Handlers\FileHandler' driver.
